c:\simulators\dramsim2_win\dramsim2\dramsim2\debug\vc120.pdb
c:\simulators\dramsim2_win\dramsim2\dramsim2\debug\vc120.idb
c:\simulators\dramsim2_win\dramsim2\dramsim2\debug\bank.obj
c:\simulators\dramsim2_win\dramsim2\dramsim2\debug\bankstate.obj
c:\simulators\dramsim2_win\dramsim2\dramsim2\debug\buspacket.obj
c:\simulators\dramsim2_win\dramsim2\dramsim2\debug\commandqueue.obj
c:\simulators\dramsim2_win\dramsim2\dramsim2\debug\datapacket.obj
c:\simulators\dramsim2_win\dramsim2\dramsim2\debug\inireader.obj
c:\simulators\dramsim2_win\dramsim2\dramsim2\debug\main.obj
c:\simulators\dramsim2_win\dramsim2\dramsim2\debug\memorycontroller.obj
c:\simulators\dramsim2_win\dramsim2\dramsim2\debug\memorysystem.obj
c:\simulators\dramsim2_win\dramsim2\dramsim2\debug\parsing.obj
c:\simulators\dramsim2_win\dramsim2\dramsim2\debug\rank.obj
c:\simulators\dramsim2_win\dramsim2\dramsim2\debug\simulatorobject.obj
c:\simulators\dramsim2_win\dramsim2\dramsim2\debug\tracebasedsim.obj
c:\simulators\dramsim2_win\dramsim2\dramsim2\debug\transaction.obj
c:\simulators\dramsim2_win\dramsim2\dramsim2\debug\addresstranslator.obj
c:\simulators\dramsim2_win\dramsim2\dramsim2\debug\discharger.obj
c:\simulators\dramsim2_win\dramsim2\dramsim2\debug\testingsystem.obj
c:\simulators\dramsim2_win\dramsim2\debug\dramsim2.ilk
c:\simulators\dramsim2_win\dramsim2\debug\dramsim2.exe
c:\simulators\dramsim2_win\dramsim2\debug\dramsim2.pdb
c:\simulators\dramsim2_win\dramsim2\dramsim2\debug\dramsim2.tlog\cl.command.1.tlog
c:\simulators\dramsim2_win\dramsim2\dramsim2\debug\dramsim2.tlog\cl.read.1.tlog
c:\simulators\dramsim2_win\dramsim2\dramsim2\debug\dramsim2.tlog\cl.write.1.tlog
c:\simulators\dramsim2_win\dramsim2\dramsim2\debug\dramsim2.tlog\link-cvtres.read.1.tlog
c:\simulators\dramsim2_win\dramsim2\dramsim2\debug\dramsim2.tlog\link-cvtres.write.1.tlog
c:\simulators\dramsim2_win\dramsim2\dramsim2\debug\dramsim2.tlog\link-rc.read.1.tlog
c:\simulators\dramsim2_win\dramsim2\dramsim2\debug\dramsim2.tlog\link-rc.write.1.tlog
c:\simulators\dramsim2_win\dramsim2\dramsim2\debug\dramsim2.tlog\link.102872-cvtres.read.1.tlog
c:\simulators\dramsim2_win\dramsim2\dramsim2\debug\dramsim2.tlog\link.102872-cvtres.write.1.tlog
c:\simulators\dramsim2_win\dramsim2\dramsim2\debug\dramsim2.tlog\link.102872-rc.read.1.tlog
c:\simulators\dramsim2_win\dramsim2\dramsim2\debug\dramsim2.tlog\link.102872-rc.write.1.tlog
c:\simulators\dramsim2_win\dramsim2\dramsim2\debug\dramsim2.tlog\link.102872.read.1.tlog
c:\simulators\dramsim2_win\dramsim2\dramsim2\debug\dramsim2.tlog\link.102872.write.1.tlog
c:\simulators\dramsim2_win\dramsim2\dramsim2\debug\dramsim2.tlog\link.command.1.tlog
c:\simulators\dramsim2_win\dramsim2\dramsim2\debug\dramsim2.tlog\link.read.1.tlog
c:\simulators\dramsim2_win\dramsim2\dramsim2\debug\dramsim2.tlog\link.write.1.tlog
